<?xml version="1.0" encoding="UTF-8"?>
<!-- Generated by org.testng.reporters.JUnitXMLReporter -->
<testsuite ignored="0" hostname="BDC6-L-FCY7FL3" failures="0" tests="6" name="Default test" time="8.714" errors="0" timestamp="2022-06-24T01:17:30 IST">
  <testcase classname="navigatetosite.BookingHotel" name="scrollIntoform" time="0.029"/>
  <testcase classname="navigatetosite.BookingHotel" name="Click_book_room_link" time="0.144"/>
  <testcase classname="navigatetosite.BookingHotel" name="closing_form" time="0.083"/>
  <testcase classname="navigatetosite.BookingHotel" name="MonthAndYear" time="0.836"/>
  <testcase classname="navigatetosite.BookingHotel" name="SelectDatesAndBookHotel" time="1.496"/>
  <testcase classname="navigatetosite.BookingHotel" name="Bookingsuccess" time="0.101"/>
</testsuite> <!-- Default test -->
