<?xml version="1.0" encoding="UTF-8"?>
<!-- Generated by org.testng.reporters.JUnitXMLReporter -->
<testsuite ignored="0" hostname="BDC6-L-FCY7FL3" failures="0" tests="7" name="Test" time="6.679" errors="0" timestamp="2022-06-23T22:30:51 IST">
  <testcase classname="navigatetosite.lauchapplicaion" name="heading_and_subheading" time="0.071"/>
  <testcase classname="navigatetosite.lauchapplicaion" name="no_of_images" time="0.432"/>
  <testcase classname="navigatetosite.lauchapplicaion" name="exploartion" time="0.03"/>
  <testcase classname="navigatetosite.lauchapplicaion" name="automation" time="0.038"/>
  <testcase classname="navigatetosite.lauchapplicaion" name="infrastructure" time="0.028"/>
  <testcase classname="navigatetosite.lauchapplicaion" name="Get_Started" time="0.026"/>
  <testcase classname="navigatetosite.lauchapplicaion" name="scrorll_and_click" time="0.085"/>
</testsuite> <!-- Test -->
