<?xml version="1.0" encoding="UTF-8"?>
<!-- Generated by org.testng.reporters.JUnitXMLReporter -->
<testsuite ignored="0" hostname="BDC6-L-FCY7FL3" failures="0" tests="7" name="Test3" time="6.476" errors="0" timestamp="2022-06-25T12:00:41 IST">
  <testcase classname="navigatetosite.lauchapplicaion" name="heading_and_subheading" time="0.077"/>
  <testcase classname="navigatetosite.lauchapplicaion" name="no_of_images" time="0.168"/>
  <testcase classname="navigatetosite.lauchapplicaion" name="exploartion" time="0.043"/>
  <testcase classname="navigatetosite.lauchapplicaion" name="automation" time="0.036"/>
  <testcase classname="navigatetosite.lauchapplicaion" name="infrastructure" time="0.042"/>
  <testcase classname="navigatetosite.lauchapplicaion" name="Get_Started" time="0.033"/>
  <testcase classname="navigatetosite.lauchapplicaion" name="scrorll_and_click" time="0.121"/>
</testsuite> <!-- Test3 -->
