<?xml version="1.0" encoding="UTF-8"?>
<!-- Generated by org.testng.reporters.JUnitXMLReporter -->
<testsuite ignored="0" hostname="BDC6-L-FCY7FL3" failures="0" tests="10" name="Test1" time="5.989" errors="0" timestamp="2022-06-23T22:30:57 IST">
  <testcase classname="navigatetosite.login" name="book_this_room" time="0.198"/>
  <testcase classname="navigatetosite.lauchapplicaion" name="heading_and_subheading" time="0.056"/>
  <testcase classname="navigatetosite.login" name="login_applicatinon" time="0.025"/>
  <testcase classname="navigatetosite.lauchapplicaion" name="no_of_images" time="0.519"/>
  <testcase classname="navigatetosite.login" name="screenshot_form_page" time="0.232"/>
  <testcase classname="navigatetosite.lauchapplicaion" name="exploartion" time="0.03"/>
  <testcase classname="navigatetosite.lauchapplicaion" name="automation" time="0.032"/>
  <testcase classname="navigatetosite.lauchapplicaion" name="infrastructure" time="0.025"/>
  <testcase classname="navigatetosite.lauchapplicaion" name="Get_Started" time="0.022"/>
  <testcase classname="navigatetosite.lauchapplicaion" name="scrorll_and_click" time="0.08"/>
</testsuite> <!-- Test1 -->
