<?xml version="1.0" encoding="UTF-8"?>
<testng-results ignored="0" total="6" passed="6" failed="0" skipped="0">
  <reporter-output>
  </reporter-output>
  <suite started-at="2022-06-24T01:17:22 IST" name="Default suite" finished-at="2022-06-24T01:17:30 IST" duration-ms="8714">
    <groups>
    </groups>
    <test started-at="2022-06-24T01:17:22 IST" name="Default test" finished-at="2022-06-24T01:17:30 IST" duration-ms="8714">
      <class name="navigatetosite.BookingHotel">
        <test-method is-config="true" signature="setup()[pri:0, instance:navigatetosite.BookingHotel@3590fc5b]" started-at="2022-06-24T01:17:22 IST" name="setup" finished-at="2022-06-24T01:17:27 IST" duration-ms="5543" status="PASS">
          <reporter-output>
          </reporter-output>
        </test-method> <!-- setup -->
        <test-method signature="scrollIntoform()[pri:1, instance:navigatetosite.BookingHotel@3590fc5b]" started-at="2022-06-24T01:17:27 IST" name="scrollIntoform" finished-at="2022-06-24T01:17:27 IST" duration-ms="29" status="PASS">
          <reporter-output>
          </reporter-output>
        </test-method> <!-- scrollIntoform -->
        <test-method signature="Click_book_room_link()[pri:2, instance:navigatetosite.BookingHotel@3590fc5b]" started-at="2022-06-24T01:17:27 IST" name="Click_book_room_link" finished-at="2022-06-24T01:17:27 IST" duration-ms="144" status="PASS">
          <reporter-output>
          </reporter-output>
        </test-method> <!-- Click_book_room_link -->
        <test-method signature="closing_form()[pri:3, instance:navigatetosite.BookingHotel@3590fc5b]" started-at="2022-06-24T01:17:27 IST" name="closing_form" finished-at="2022-06-24T01:17:27 IST" duration-ms="83" status="PASS">
          <reporter-output>
          </reporter-output>
        </test-method> <!-- closing_form -->
        <test-method signature="MonthAndYear()[pri:4, instance:navigatetosite.BookingHotel@3590fc5b]" started-at="2022-06-24T01:17:27 IST" name="MonthAndYear" finished-at="2022-06-24T01:17:28 IST" duration-ms="836" status="PASS">
          <reporter-output>
          </reporter-output>
        </test-method> <!-- MonthAndYear -->
        <test-method signature="SelectDatesAndBookHotel()[pri:5, instance:navigatetosite.BookingHotel@3590fc5b]" started-at="2022-06-24T01:17:28 IST" name="SelectDatesAndBookHotel" finished-at="2022-06-24T01:17:30 IST" duration-ms="1496" status="PASS">
          <reporter-output>
          </reporter-output>
        </test-method> <!-- SelectDatesAndBookHotel -->
        <test-method signature="Bookingsuccess()[pri:6, instance:navigatetosite.BookingHotel@3590fc5b]" started-at="2022-06-24T01:17:30 IST" name="Bookingsuccess" finished-at="2022-06-24T01:17:30 IST" duration-ms="101" status="PASS">
          <reporter-output>
          </reporter-output>
        </test-method> <!-- Bookingsuccess -->
        <test-method is-config="true" signature="teardown()[pri:0, instance:navigatetosite.BookingHotel@3590fc5b]" started-at="2022-06-24T01:17:30 IST" name="teardown" finished-at="2022-06-24T01:17:30 IST" duration-ms="429" status="PASS">
          <reporter-output>
          </reporter-output>
        </test-method> <!-- teardown -->
      </class> <!-- navigatetosite.BookingHotel -->
    </test> <!-- Default test -->
  </suite> <!-- Default suite -->
</testng-results>
